[2025-11-29 14:03:37] INFO in main: ========== Application Started ==========
[2025-11-29 14:03:37] INFO in main: Environment: development
[2025-11-29 14:03:37] INFO in main: Debug: True
[2025-11-29 14:03:37] INFO in main: ========== Application Started ==========
[2025-11-29 14:03:37] INFO in main: Environment: development
[2025-11-29 14:03:37] INFO in main: Debug: True
[2025-11-29 21:54:43] INFO in main: ========== Application Started ==========
[2025-11-29 21:54:43] INFO in main: Environment: development
[2025-11-29 21:54:43] INFO in main: Debug: True
[2025-11-29 21:54:44] INFO in main: ========== Application Started ==========
[2025-11-29 21:54:44] INFO in main: Environment: development
[2025-11-29 21:54:44] INFO in main: Debug: True
[2025-11-29 21:56:24] INFO in main: ========== Application Started ==========
[2025-11-29 21:56:24] INFO in main: Environment: development
[2025-11-29 21:56:24] INFO in main: Debug: True
[2025-11-29 21:56:24] INFO in main: ========== Application Started ==========
[2025-11-29 21:56:24] INFO in main: Environment: development
[2025-11-29 21:56:24] INFO in main: Debug: True
[2025-11-29 21:58:05] INFO in main: ========== Application Started ==========
[2025-11-29 21:58:05] INFO in main: Environment: development
[2025-11-29 21:58:05] INFO in main: Debug: True
[2025-11-29 21:58:09] INFO in main: ========== Application Started ==========
[2025-11-29 21:58:09] INFO in main: Environment: development
[2025-11-29 21:58:09] INFO in main: Debug: True
[2025-11-29 21:58:28] INFO in main: ========== Application Started ==========
[2025-11-29 21:58:28] INFO in main: Environment: development
[2025-11-29 21:58:28] INFO in main: Debug: True
[2025-11-29 21:59:06] INFO in main: ========== Application Started ==========
[2025-11-29 21:59:06] INFO in main: Environment: development
[2025-11-29 21:59:06] INFO in main: Debug: True
[2025-11-29 21:59:09] INFO in main: ========== Application Started ==========
[2025-11-29 21:59:09] INFO in main: Environment: development
[2025-11-29 21:59:09] INFO in main: Debug: True
[2025-11-29 21:59:37] INFO in main: ========== Application Started ==========
[2025-11-29 21:59:37] INFO in main: Environment: development
[2025-11-29 21:59:37] INFO in main: Debug: True
[2025-11-29 21:59:38] INFO in main: ========== Application Started ==========
[2025-11-29 21:59:38] INFO in main: Environment: development
[2025-11-29 21:59:38] INFO in main: Debug: True
[2025-11-29 22:06:51] INFO in main: ========== Application Started ==========
[2025-11-29 22:06:51] INFO in main: Environment: development
[2025-11-29 22:06:51] INFO in main: Debug: True
[2025-11-29 22:06:51] INFO in main: Analysis routes registered [OK]
[2025-11-29 22:06:51] INFO in main: Health routes registered [OK]
[2025-11-29 22:06:51] INFO in main: Admin routes registered [OK]
[2025-11-29 22:06:51] INFO in main: ========== Application Started ==========
[2025-11-29 22:06:51] INFO in main: Environment: development
[2025-11-29 22:06:51] INFO in main: Debug: True
[2025-11-29 22:06:51] INFO in main: Analysis routes registered [OK]
[2025-11-29 22:06:51] INFO in main: Health routes registered [OK]
[2025-11-29 22:06:51] INFO in main: Admin routes registered [OK]
[2025-11-29 22:30:28] INFO in main: ========== Application Started ==========
[2025-11-29 22:30:28] INFO in main: Environment: development
[2025-11-29 22:30:28] INFO in main: Debug: True
[2025-11-29 22:30:28] INFO in main: Analysis routes registered [OK]
[2025-11-29 22:30:28] INFO in main: Health routes registered [OK]
[2025-11-29 22:30:28] INFO in main: Admin routes registered [OK]
[2025-11-29 22:30:57] INFO in main: ========== Application Started ==========
[2025-11-29 22:30:57] INFO in main: Environment: development
[2025-11-29 22:30:57] INFO in main: Debug: True
[2025-11-29 22:30:57] INFO in main: Analysis routes registered [OK]
[2025-11-29 22:30:57] INFO in main: Health routes registered [OK]
[2025-11-29 22:30:57] INFO in main: Admin routes registered [OK]
[2025-11-29 22:31:22] INFO in main: ========== Application Started ==========
[2025-11-29 22:31:22] INFO in main: Environment: development
[2025-11-29 22:31:22] INFO in main: Debug: True
[2025-11-29 22:31:22] INFO in main: Analysis routes registered [OK]
[2025-11-29 22:31:22] INFO in main: Health routes registered [OK]
[2025-11-29 22:31:22] INFO in main: Admin routes registered [OK]
[2025-11-29 22:32:48] INFO in main: ========== Application Started ==========
[2025-11-29 22:32:48] INFO in main: Environment: development
[2025-11-29 22:32:48] INFO in main: Debug: True
[2025-11-29 22:32:48] INFO in main: Analysis routes registered [OK]
[2025-11-29 22:32:48] INFO in main: Health routes registered [OK]
[2025-11-29 22:32:48] INFO in main: Admin routes registered [OK]
[2025-11-29 22:33:40] INFO in main: ========== Application Started ==========
[2025-11-29 22:33:40] INFO in main: Environment: development
[2025-11-29 22:33:40] INFO in main: Debug: True
[2025-11-29 22:33:40] INFO in main: Analysis routes registered [OK]
[2025-11-29 22:33:40] INFO in main: Health routes registered [OK]
[2025-11-29 22:33:40] INFO in main: Admin routes registered [OK]
[2025-11-29 22:34:14] INFO in main: ========== Application Started ==========
[2025-11-29 22:34:14] INFO in main: Environment: development
[2025-11-29 22:34:14] INFO in main: Debug: True
[2025-11-29 22:34:14] INFO in main: Analysis routes registered [OK]
[2025-11-29 22:34:14] INFO in main: Health routes registered [OK]
[2025-11-29 22:34:14] INFO in main: Admin routes registered [OK]
[2025-11-29 22:34:29] INFO in main: ========== Application Started ==========
[2025-11-29 22:34:29] INFO in main: Environment: development
[2025-11-29 22:34:29] INFO in main: Debug: True
[2025-11-29 22:34:29] INFO in main: Analysis routes registered [OK]
[2025-11-29 22:34:29] INFO in main: Health routes registered [OK]
[2025-11-29 22:34:29] INFO in main: Admin routes registered [OK]
[2025-11-29 22:39:17] INFO in main: ========== Application Started ==========
[2025-11-29 22:39:17] INFO in main: Environment: development
[2025-11-29 22:39:17] INFO in main: Debug: True
[2025-11-29 22:39:18] INFO in main: Analysis routes registered [OK]
[2025-11-29 22:39:18] INFO in main: Health routes registered [OK]
[2025-11-29 22:39:18] INFO in main: Admin routes registered [OK]
[2025-11-29 22:40:21] INFO in main: ========== Application Started ==========
[2025-11-29 22:40:21] INFO in main: Environment: development
[2025-11-29 22:40:21] INFO in main: Debug: True
[2025-11-29 22:40:21] INFO in main: Analysis routes registered [OK]
[2025-11-29 22:40:21] INFO in main: Health routes registered [OK]
[2025-11-29 22:40:21] INFO in main: Admin routes registered [OK]
[2025-11-29 22:47:05] INFO in main: ========== Application Started ==========
[2025-11-29 22:47:05] INFO in main: Environment: development
[2025-11-29 22:47:05] INFO in main: Debug: True
[2025-11-29 22:47:05] INFO in main: Analysis routes registered [OK]
[2025-11-29 22:47:05] INFO in main: Health routes registered [OK]
[2025-11-29 22:47:05] INFO in main: Admin routes registered [OK]
[2025-11-29 22:47:18] INFO in main: ========== Application Started ==========
[2025-11-29 22:47:18] INFO in main: Environment: development
[2025-11-29 22:47:18] INFO in main: Debug: True
[2025-11-29 22:47:18] INFO in main: Analysis routes registered [OK]
[2025-11-29 22:47:18] INFO in main: Health routes registered [OK]
[2025-11-29 22:47:18] INFO in main: Admin routes registered [OK]
[2025-11-29 22:47:20] INFO in main: ========== Application Started ==========
[2025-11-29 22:47:20] INFO in main: Environment: development
[2025-11-29 22:47:20] INFO in main: Debug: True
[2025-11-29 22:47:20] INFO in main: Analysis routes registered [OK]
[2025-11-29 22:47:20] INFO in main: Health routes registered [OK]
[2025-11-29 22:47:20] INFO in main: Admin routes registered [OK]
[2025-11-30 14:33:05] INFO in main: ========== Application Started ==========
[2025-11-30 14:33:05] INFO in main: Environment: development
[2025-11-30 14:33:05] INFO in main: Debug: True
[2025-11-30 14:33:05] INFO in main: Analysis routes registered [OK]
[2025-11-30 14:33:05] INFO in main: Health routes registered [OK]
[2025-11-30 14:33:05] INFO in main: Admin routes registered [OK]
[2025-11-30 14:33:06] INFO in main: ========== Application Started ==========
[2025-11-30 14:33:06] INFO in main: Environment: development
[2025-11-30 14:33:06] INFO in main: Debug: True
[2025-11-30 14:33:06] INFO in main: Analysis routes registered [OK]
[2025-11-30 14:33:06] INFO in main: Health routes registered [OK]
[2025-11-30 14:33:06] INFO in main: Admin routes registered [OK]
[2025-11-30 15:07:38] INFO in main: ========== Application Started ==========
[2025-11-30 15:07:38] INFO in main: Environment: development
[2025-11-30 15:07:38] INFO in main: Debug: True
[2025-11-30 15:07:38] INFO in main: Analysis routes registered [OK]
[2025-11-30 15:07:38] INFO in main: Health routes registered [OK]
[2025-11-30 15:07:38] INFO in main: Admin routes registered [OK]
[2025-11-30 15:07:38] INFO in main: ========== Application Started ==========
[2025-11-30 15:07:38] INFO in main: Environment: development
[2025-11-30 15:07:38] INFO in main: Debug: True
[2025-11-30 15:07:38] INFO in main: Analysis routes registered [OK]
[2025-11-30 15:07:38] INFO in main: Health routes registered [OK]
[2025-11-30 15:07:38] INFO in main: Admin routes registered [OK]
[2025-11-30 17:14:58] INFO in main: ========== Application Started ==========
[2025-11-30 17:14:58] INFO in main: Environment: development
[2025-11-30 17:14:58] INFO in main: Debug: True
[2025-11-30 17:14:58] INFO in main: Analysis routes registered [OK]
[2025-11-30 17:14:58] INFO in main: Health routes registered [OK]
[2025-11-30 17:14:58] INFO in main: Admin routes registered [OK]
[2025-11-30 17:14:58] INFO in main: ========== Application Started ==========
[2025-11-30 17:14:58] INFO in main: Environment: development
[2025-11-30 17:14:58] INFO in main: Debug: True
[2025-11-30 17:14:58] INFO in main: Analysis routes registered [OK]
[2025-11-30 17:14:58] INFO in main: Health routes registered [OK]
[2025-11-30 17:14:58] INFO in main: Admin routes registered [OK]
[2025-11-30 19:26:33] INFO in main: ========== Application Started ==========
[2025-11-30 19:26:33] INFO in main: Environment: development
[2025-11-30 19:26:33] INFO in main: Debug: True
[2025-11-30 19:26:33] INFO in main: Analysis routes registered [OK]
[2025-11-30 19:26:33] INFO in main: Health routes registered [OK]
[2025-11-30 19:26:33] INFO in main: Admin routes registered [OK]
[2025-11-30 19:26:33] INFO in main: ========== Application Started ==========
[2025-11-30 19:26:33] INFO in main: Environment: development
[2025-11-30 19:26:33] INFO in main: Debug: True
[2025-11-30 19:26:33] INFO in main: Analysis routes registered [OK]
[2025-11-30 19:26:33] INFO in main: Health routes registered [OK]
[2025-11-30 19:26:33] INFO in main: Admin routes registered [OK]
[2025-11-30 19:32:42] INFO in main: ========== Application Started ==========
[2025-11-30 19:32:42] INFO in main: Environment: development
[2025-11-30 19:32:42] INFO in main: Debug: True
[2025-11-30 19:32:42] INFO in main: Analysis routes registered [OK]
[2025-11-30 19:32:42] INFO in main: Health routes registered [OK]
[2025-11-30 19:32:42] INFO in main: Admin routes registered [OK]
[2025-11-30 19:33:15] INFO in main: ========== Application Started ==========
[2025-11-30 19:33:15] INFO in main: Environment: development
[2025-11-30 19:33:15] INFO in main: Debug: True
[2025-11-30 19:33:15] INFO in main: Analysis routes registered [OK]
[2025-11-30 19:33:15] INFO in main: Health routes registered [OK]
[2025-11-30 19:33:15] INFO in main: Admin routes registered [OK]
[2025-11-30 19:33:38] INFO in main: ========== Application Started ==========
[2025-11-30 19:33:38] INFO in main: Environment: development
[2025-11-30 19:33:38] INFO in main: Debug: True
[2025-11-30 19:33:38] INFO in main: Analysis routes registered [OK]
[2025-11-30 19:33:38] INFO in main: Health routes registered [OK]
[2025-11-30 19:33:38] INFO in main: Admin routes registered [OK]
[2025-11-30 19:34:18] INFO in main: ========== Application Started ==========
[2025-11-30 19:34:18] INFO in main: Environment: development
[2025-11-30 19:34:18] INFO in main: Debug: True
[2025-11-30 19:34:18] INFO in main: Analysis routes registered [OK]
[2025-11-30 19:34:18] INFO in main: Health routes registered [OK]
[2025-11-30 19:34:18] INFO in main: Admin routes registered [OK]
[2025-11-30 19:34:39] INFO in main: ========== Application Started ==========
[2025-11-30 19:34:39] INFO in main: Environment: development
[2025-11-30 19:34:39] INFO in main: Debug: True
[2025-11-30 19:34:39] INFO in main: Analysis routes registered [OK]
[2025-11-30 19:34:39] INFO in main: Health routes registered [OK]
[2025-11-30 19:34:39] INFO in main: Admin routes registered [OK]
[2025-11-30 19:34:39] INFO in main: ========== Application Started ==========
[2025-11-30 19:34:39] INFO in main: Environment: development
[2025-11-30 19:34:39] INFO in main: Debug: True
[2025-11-30 19:34:39] INFO in main: Analysis routes registered [OK]
[2025-11-30 19:34:39] INFO in main: Health routes registered [OK]
[2025-11-30 19:34:39] INFO in main: Admin routes registered [OK]
[2025-11-30 19:35:42] INFO in main: ========== Application Started ==========
[2025-11-30 19:35:42] INFO in main: Environment: development
[2025-11-30 19:35:42] INFO in main: Debug: True
[2025-11-30 19:35:42] INFO in main: Analysis routes registered [OK]
[2025-11-30 19:35:42] INFO in main: Health routes registered [OK]
[2025-11-30 19:35:42] INFO in main: Admin routes registered [OK]
[2025-11-30 19:35:42] INFO in main: ========== Application Started ==========
[2025-11-30 19:35:42] INFO in main: Environment: development
[2025-11-30 19:35:42] INFO in main: Debug: True
[2025-11-30 19:35:43] INFO in main: Analysis routes registered [OK]
[2025-11-30 19:35:43] INFO in main: Health routes registered [OK]
[2025-11-30 19:35:43] INFO in main: Admin routes registered [OK]
[2025-11-30 19:49:49] INFO in main: ========== Application Started ==========
[2025-11-30 19:49:49] INFO in main: Environment: development
[2025-11-30 19:49:49] INFO in main: Debug: True
[2025-11-30 19:49:49] INFO in main: Analysis routes registered [OK]
[2025-11-30 19:49:49] INFO in main: Health routes registered [OK]
[2025-11-30 19:49:49] INFO in main: Admin routes registered [OK]
[2025-11-30 19:51:37] INFO in main: ========== Application Started ==========
[2025-11-30 19:51:37] INFO in main: Environment: development
[2025-11-30 19:51:37] INFO in main: Debug: True
[2025-11-30 19:51:37] INFO in main: Analysis routes registered [OK]
[2025-11-30 19:51:37] INFO in main: Health routes registered [OK]
[2025-11-30 19:51:37] INFO in main: Admin routes registered [OK]
[2025-11-30 19:51:37] INFO in main: ========== Application Started ==========
[2025-11-30 19:51:37] INFO in main: Environment: development
[2025-11-30 19:51:37] INFO in main: Debug: True
[2025-11-30 19:51:37] INFO in main: Analysis routes registered [OK]
[2025-11-30 19:51:37] INFO in main: Health routes registered [OK]
[2025-11-30 19:51:37] INFO in main: Admin routes registered [OK]
[2025-11-30 21:23:54] INFO in main: ========== Application Started ==========
[2025-11-30 21:23:54] INFO in main: Environment: development
[2025-11-30 21:23:54] INFO in main: Debug: True
[2025-11-30 21:23:54] INFO in main: Analysis routes registered [OK]
[2025-11-30 21:23:54] INFO in main: Health routes registered [OK]
[2025-11-30 21:23:54] INFO in main: Admin routes registered [OK]
[2025-11-30 21:23:55] INFO in main: ========== Application Started ==========
[2025-11-30 21:23:55] INFO in main: Environment: development
[2025-11-30 21:23:55] INFO in main: Debug: True
[2025-11-30 21:23:55] INFO in main: Analysis routes registered [OK]
[2025-11-30 21:23:55] INFO in main: Health routes registered [OK]
[2025-11-30 21:23:55] INFO in main: Admin routes registered [OK]
[2025-12-01 06:55:11] INFO in main: ========== Application Started ==========
[2025-12-01 06:55:11] INFO in main: Environment: development
[2025-12-01 06:55:11] INFO in main: Debug: True
[2025-12-01 06:55:11] INFO in main: Analysis routes registered [OK]
[2025-12-01 06:55:11] INFO in main: Health routes registered [OK]
[2025-12-01 06:55:11] INFO in main: Admin routes registered [OK]
[2025-12-01 06:55:11] INFO in main: ========== Application Started ==========
[2025-12-01 06:55:11] INFO in main: Environment: development
[2025-12-01 06:55:11] INFO in main: Debug: True
[2025-12-01 06:55:11] INFO in main: Analysis routes registered [OK]
[2025-12-01 06:55:11] INFO in main: Health routes registered [OK]
[2025-12-01 06:55:11] INFO in main: Admin routes registered [OK]
[2025-12-01 07:00:53] INFO in main: ========== Application Started ==========
[2025-12-01 07:00:53] INFO in main: Environment: development
[2025-12-01 07:00:53] INFO in main: Debug: True
[2025-12-01 07:00:53] INFO in main: Analysis routes registered [OK]
[2025-12-01 07:00:53] INFO in main: Health routes registered [OK]
[2025-12-01 07:00:53] INFO in main: Admin routes registered [OK]
[2025-12-01 07:00:54] INFO in main: ========== Application Started ==========
[2025-12-01 07:00:54] INFO in main: Environment: development
[2025-12-01 07:00:54] INFO in main: Debug: True
[2025-12-01 07:00:54] INFO in main: Analysis routes registered [OK]
[2025-12-01 07:00:54] INFO in main: Health routes registered [OK]
[2025-12-01 07:00:54] INFO in main: Admin routes registered [OK]
[2025-12-01 10:27:00] INFO in main: ========== Application Started ==========
[2025-12-01 10:27:00] INFO in main: Environment: development
[2025-12-01 10:27:00] INFO in main: Debug: True
[2025-12-01 10:27:00] INFO in main: Analysis routes registered [OK]
[2025-12-01 10:27:00] INFO in main: Health routes registered [OK]
[2025-12-01 10:27:00] INFO in main: Admin routes registered [OK]
[2025-12-01 10:27:01] INFO in main: ========== Application Started ==========
[2025-12-01 10:27:01] INFO in main: Environment: development
[2025-12-01 10:27:01] INFO in main: Debug: True
[2025-12-01 10:27:01] INFO in main: Analysis routes registered [OK]
[2025-12-01 10:27:01] INFO in main: Health routes registered [OK]
[2025-12-01 10:27:01] INFO in main: Admin routes registered [OK]
[2025-12-01 10:35:04] INFO in main: ========== Application Started ==========
[2025-12-01 10:35:04] INFO in main: Environment: development
[2025-12-01 10:35:04] INFO in main: Debug: True
[2025-12-01 10:35:04] INFO in main: Analysis routes registered [OK]
[2025-12-01 10:35:04] INFO in main: Health routes registered [OK]
[2025-12-01 10:35:04] INFO in main: Admin routes registered [OK]
[2025-12-01 10:35:05] INFO in main: ========== Application Started ==========
[2025-12-01 10:35:05] INFO in main: Environment: development
[2025-12-01 10:35:05] INFO in main: Debug: True
[2025-12-01 10:35:05] INFO in main: Analysis routes registered [OK]
[2025-12-01 10:35:05] INFO in main: Health routes registered [OK]
[2025-12-01 10:35:05] INFO in main: Admin routes registered [OK]
[2025-12-01 10:38:18] INFO in main: ========== Application Started ==========
[2025-12-01 10:38:18] INFO in main: Environment: development
[2025-12-01 10:38:18] INFO in main: Debug: True
[2025-12-01 10:38:18] INFO in main: Analysis routes registered [OK]
[2025-12-01 10:38:18] INFO in main: Health routes registered [OK]
[2025-12-01 10:38:18] INFO in main: Admin routes registered [OK]
[2025-12-01 10:38:18] INFO in main: ========== Application Started ==========
[2025-12-01 10:38:18] INFO in main: Environment: development
[2025-12-01 10:38:18] INFO in main: Debug: True
[2025-12-01 10:38:18] INFO in main: Analysis routes registered [OK]
[2025-12-01 10:38:18] INFO in main: Health routes registered [OK]
[2025-12-01 10:38:18] INFO in main: Admin routes registered [OK]
[2025-12-01 20:28:14] INFO in main: ========== Application Started ==========
[2025-12-01 20:28:14] INFO in main: Environment: development
[2025-12-01 20:28:14] INFO in main: Debug: True
[2025-12-01 20:28:14] INFO in main: Analysis routes registered [OK]
[2025-12-01 20:28:14] INFO in main: Health routes registered [OK]
[2025-12-01 20:28:14] INFO in main: Admin routes registered [OK]
[2025-12-01 20:28:15] INFO in main: ========== Application Started ==========
[2025-12-01 20:28:15] INFO in main: Environment: development
[2025-12-01 20:28:15] INFO in main: Debug: True
[2025-12-01 20:28:15] INFO in main: Analysis routes registered [OK]
[2025-12-01 20:28:15] INFO in main: Health routes registered [OK]
[2025-12-01 20:28:15] INFO in main: Admin routes registered [OK]
[2025-12-01 20:28:23] INFO in main: ========== Application Started ==========
[2025-12-01 20:28:23] INFO in main: Environment: development
[2025-12-01 20:28:23] INFO in main: Debug: True
[2025-12-01 20:28:23] INFO in main: Analysis routes registered [OK]
[2025-12-01 20:28:23] INFO in main: Health routes registered [OK]
[2025-12-01 20:28:23] INFO in main: Admin routes registered [OK]
